<?xml version="1.0" encoding="UTF-8"?>
<coverage generated="1736778268210" clover="3.2.0">
  <project timestamp="1736778268210" name="All files">
    <metrics statements="155" coveredstatements="155" conditionals="57" coveredconditionals="55" methods="39" coveredmethods="38" elements="251" coveredelements="248" complexity="0" loc="155" ncloc="155" packages="1" files="3" classes="3"/>
    <file name="bot.class.js" path="D:\Users\Raphael\Documents\Code\JavaScript\Ingénieur\Validation des logiciels\quality-env-tests\src\bot.class.js">
      <metrics statements="14" coveredstatements="14" conditionals="2" coveredconditionals="2" methods="3" coveredmethods="3"/>
      <line num="1" count="2" type="stmt"/>
      <line num="10" count="3" type="stmt"/>
      <line num="11" count="3" type="stmt"/>
      <line num="12" count="3" type="stmt"/>
      <line num="13" count="3" type="stmt"/>
      <line num="14" count="3" type="stmt"/>
      <line num="15" count="3" type="stmt"/>
      <line num="19" count="7" type="stmt"/>
      <line num="21" count="7" type="stmt"/>
      <line num="22" count="19" type="stmt"/>
      <line num="24" count="19" type="cond" truecount="2" falsecount="0"/>
      <line num="25" count="6" type="stmt"/>
      <line num="27" count="6" type="stmt"/>
      <line num="31" count="7" type="stmt"/>
    </file>
    <file name="tchat.class.js" path="D:\Users\Raphael\Documents\Code\JavaScript\Ingénieur\Validation des logiciels\quality-env-tests\src\tchat.class.js">
      <metrics statements="41" coveredstatements="41" conditionals="6" coveredconditionals="5" methods="20" coveredmethods="19"/>
      <line num="3" count="1" type="stmt"/>
      <line num="5" count="1" type="stmt"/>
      <line num="10" count="2" type="stmt"/>
      <line num="11" count="1" type="stmt"/>
      <line num="15" count="1" type="stmt"/>
      <line num="21" count="1" type="stmt"/>
      <line num="45" count="1" type="stmt"/>
      <line num="47" count="2" type="stmt"/>
      <line num="58" count="2" type="stmt"/>
      <line num="60" count="2" type="stmt"/>
      <line num="75" count="2" type="stmt"/>
      <line num="77" count="2" type="stmt"/>
      <line num="102" count="3" type="stmt"/>
      <line num="103" count="3" type="stmt"/>
      <line num="127" count="2" type="stmt"/>
      <line num="136" count="2" type="stmt"/>
      <line num="138" count="2" type="stmt"/>
      <line num="139" count="4" type="stmt"/>
      <line num="141" count="4" type="cond" truecount="2" falsecount="0"/>
      <line num="142" count="3" type="stmt"/>
      <line num="144" count="3" type="stmt"/>
      <line num="145" count="4" type="stmt"/>
      <line num="153" count="3" type="stmt"/>
      <line num="157" count="2" type="stmt"/>
      <line num="161" count="3" type="stmt"/>
      <line num="162" count="6" type="stmt"/>
      <line num="163" count="6" type="stmt"/>
      <line num="165" count="6" type="stmt"/>
      <line num="170" count="3" type="stmt"/>
      <line num="171" count="3" type="stmt"/>
      <line num="174" count="3" type="stmt"/>
      <line num="175" count="2" type="cond" truecount="2" falsecount="0"/>
      <line num="176" count="1" type="stmt"/>
      <line num="177" count="1" type="stmt"/>
      <line num="178" count="1" type="stmt"/>
      <line num="180" count="1" type="stmt"/>
      <line num="181" count="2" type="stmt"/>
      <line num="183" count="1" type="stmt"/>
      <line num="189" count="1" type="stmt"/>
      <line num="216" count="1" type="stmt"/>
      <line num="217" count="1" type="stmt"/>
    </file>
    <file name="tp1.class.js" path="D:\Users\Raphael\Documents\Code\JavaScript\Ingénieur\Validation des logiciels\quality-env-tests\src\tp1.class.js">
      <metrics statements="100" coveredstatements="100" conditionals="49" coveredconditionals="48" methods="16" coveredmethods="16"/>
      <line num="10" count="1" type="stmt"/>
      <line num="12" count="1" type="stmt"/>
      <line num="13" count="2" type="cond" truecount="4" falsecount="0"/>
      <line num="14" count="1" type="stmt"/>
      <line num="17" count="1" type="stmt"/>
      <line num="20" count="1" type="cond" truecount="0" falsecount="1"/>
      <line num="21" count="7" type="stmt"/>
      <line num="23" count="7" type="cond" truecount="2" falsecount="0"/>
      <line num="24" count="1" type="stmt"/>
      <line num="27" count="6" type="stmt"/>
      <line num="28" count="41" type="stmt"/>
      <line num="31" count="6" type="stmt"/>
      <line num="34" count="2" type="stmt"/>
      <line num="36" count="1" type="stmt"/>
      <line num="37" count="1" type="stmt"/>
      <line num="39" count="1" type="stmt"/>
      <line num="40" count="3" type="stmt"/>
      <line num="43" count="1" type="stmt"/>
      <line num="46" count="1" type="stmt"/>
      <line num="47" count="2" type="cond" truecount="2" falsecount="0"/>
      <line num="48" count="1" type="stmt"/>
      <line num="51" count="1" type="stmt"/>
      <line num="54" count="1" type="stmt"/>
      <line num="55" count="35" type="cond" truecount="2" falsecount="0"/>
      <line num="56" count="1" type="stmt"/>
      <line num="59" count="34" type="cond" truecount="4" falsecount="0"/>
      <line num="60" count="20" type="stmt"/>
      <line num="63" count="14" type="stmt"/>
      <line num="66" count="1" type="stmt"/>
      <line num="67" count="1" type="stmt"/>
      <line num="68" count="1" type="stmt"/>
      <line num="70" count="1" type="stmt"/>
      <line num="71" count="26" type="stmt"/>
      <line num="74" count="1" type="stmt"/>
      <line num="77" count="1" type="stmt"/>
      <line num="78" count="1" type="stmt"/>
      <line num="80" count="1" type="stmt"/>
      <line num="81" count="3" type="stmt"/>
      <line num="84" count="1" type="stmt"/>
      <line num="87" count="1" type="stmt"/>
      <line num="88" count="7" type="stmt"/>
      <line num="90" count="7" type="stmt"/>
      <line num="91" count="27" type="stmt"/>
      <line num="93" count="27" type="cond" truecount="4" falsecount="0"/>
      <line num="94" count="9" type="stmt"/>
      <line num="96" count="27" type="cond" truecount="4" falsecount="0"/>
      <line num="97" count="5" type="stmt"/>
      <line num="99" count="27" type="cond" truecount="4" falsecount="0"/>
      <line num="100" count="4" type="stmt"/>
      <line num="102" count="27" type="cond" truecount="2" falsecount="0"/>
      <line num="103" count="2" type="stmt"/>
      <line num="107" count="7" type="stmt"/>
      <line num="111" count="35" type="cond" truecount="2" falsecount="0"/>
      <line num="112" count="14" type="stmt"/>
      <line num="113" count="14" type="stmt"/>
      <line num="114" count="14" type="stmt"/>
      <line num="115" count="14" type="stmt"/>
      <line num="116" count="34" type="cond" truecount="2" falsecount="0"/>
      <line num="117" count="19" type="stmt"/>
      <line num="119" count="14" type="stmt"/>
      <line num="123" count="4" type="stmt"/>
      <line num="124" count="4" type="stmt"/>
      <line num="125" count="4" type="stmt"/>
      <line num="126" count="4" type="stmt"/>
      <line num="128" count="4" type="stmt"/>
      <line num="129" count="33" type="stmt"/>
      <line num="130" count="33" type="stmt"/>
      <line num="131" count="86" type="stmt"/>
      <line num="133" count="33" type="stmt"/>
      <line num="135" count="33" type="cond" truecount="2" falsecount="0"/>
      <line num="136" count="5" type="stmt"/>
      <line num="137" count="5" type="stmt"/>
      <line num="140" count="4" type="stmt"/>
      <line num="144" count="107" type="cond" truecount="2" falsecount="0"/>
      <line num="145" count="66" type="stmt"/>
      <line num="146" count="66" type="stmt"/>
      <line num="147" count="100" type="stmt"/>
      <line num="148" count="100" type="stmt"/>
      <line num="149" count="100" type="stmt"/>
      <line num="150" count="138" type="stmt"/>
      <line num="153" count="66" type="stmt"/>
      <line num="157" count="4209" type="stmt"/>
      <line num="158" count="16962" type="stmt"/>
      <line num="159" count="139258" type="cond" truecount="2" falsecount="0"/>
      <line num="160" count="4208" type="stmt"/>
      <line num="161" count="37652" type="cond" truecount="2" falsecount="0"/>
      <line num="162" count="4208" type="stmt"/>
      <line num="163" count="4208" type="cond" truecount="2" falsecount="0"/>
      <line num="164" count="51" type="stmt"/>
      <line num="166" count="4157" type="stmt"/>
      <line num="169" count="4157" type="stmt"/>
      <line num="173" count="1" type="stmt"/>
      <line num="177" count="37654" type="stmt"/>
      <line num="178" count="163085" type="cond" truecount="4" falsecount="0"/>
      <line num="180" count="5610" type="stmt"/>
      <line num="181" count="5610" type="stmt"/>
      <line num="182" count="5610" type="stmt"/>
      <line num="183" count="15639" type="stmt"/>
      <line num="184" count="45429" type="cond" truecount="2" falsecount="0"/>
      <line num="187" count="4209" type="stmt"/>
    </file>
  </project>
</coverage>
