<?xml version="1.0" encoding="UTF-8"?>
<coverage generated="1736782439871" clover="3.2.0">
  <project timestamp="1736782439872" name="All files">
    <metrics statements="155" coveredstatements="155" conditionals="57" coveredconditionals="55" methods="39" coveredmethods="38" elements="251" coveredelements="248" complexity="0" loc="155" ncloc="155" packages="1" files="3" classes="3"/>
    <file name="bot.class.js" path="D:\Users\Raphael\Documents\Code\JavaScript\Ingénieur\Validation des logiciels\quality-env-tests\src\bot.class.js">
      <metrics statements="14" coveredstatements="14" conditionals="2" coveredconditionals="2" methods="3" coveredmethods="3"/>
      <line num="1" count="2" type="stmt"/>
      <line num="10" count="3" type="stmt"/>
      <line num="11" count="3" type="stmt"/>
      <line num="12" count="3" type="stmt"/>
      <line num="13" count="3" type="stmt"/>
      <line num="14" count="3" type="stmt"/>
      <line num="15" count="3" type="stmt"/>
      <line num="19" count="7" type="stmt"/>
      <line num="21" count="7" type="stmt"/>
      <line num="22" count="19" type="stmt"/>
      <line num="24" count="19" type="cond" truecount="2" falsecount="0"/>
      <line num="25" count="6" type="stmt"/>
      <line num="27" count="6" type="stmt"/>
      <line num="31" count="7" type="stmt"/>
    </file>
    <file name="tchat.class.js" path="D:\Users\Raphael\Documents\Code\JavaScript\Ingénieur\Validation des logiciels\quality-env-tests\src\tchat.class.js">
      <metrics statements="41" coveredstatements="41" conditionals="6" coveredconditionals="5" methods="20" coveredmethods="19"/>
      <line num="3" count="1" type="stmt"/>
      <line num="5" count="1" type="stmt"/>
      <line num="10" count="2" type="stmt"/>
      <line num="11" count="1" type="stmt"/>
      <line num="15" count="1" type="stmt"/>
      <line num="21" count="1" type="stmt"/>
      <line num="45" count="1" type="stmt"/>
      <line num="47" count="2" type="stmt"/>
      <line num="58" count="2" type="stmt"/>
      <line num="60" count="2" type="stmt"/>
      <line num="75" count="2" type="stmt"/>
      <line num="77" count="2" type="stmt"/>
      <line num="102" count="3" type="stmt"/>
      <line num="103" count="3" type="stmt"/>
      <line num="127" count="2" type="stmt"/>
      <line num="136" count="2" type="stmt"/>
      <line num="138" count="2" type="stmt"/>
      <line num="139" count="4" type="stmt"/>
      <line num="141" count="4" type="cond" truecount="2" falsecount="0"/>
      <line num="142" count="3" type="stmt"/>
      <line num="144" count="3" type="stmt"/>
      <line num="145" count="4" type="stmt"/>
      <line num="153" count="3" type="stmt"/>
      <line num="157" count="2" type="stmt"/>
      <line num="161" count="3" type="stmt"/>
      <line num="162" count="6" type="stmt"/>
      <line num="163" count="6" type="stmt"/>
      <line num="165" count="6" type="stmt"/>
      <line num="170" count="3" type="stmt"/>
      <line num="171" count="3" type="stmt"/>
      <line num="174" count="3" type="stmt"/>
      <line num="175" count="2" type="cond" truecount="2" falsecount="0"/>
      <line num="176" count="1" type="stmt"/>
      <line num="177" count="1" type="stmt"/>
      <line num="178" count="1" type="stmt"/>
      <line num="180" count="1" type="stmt"/>
      <line num="181" count="2" type="stmt"/>
      <line num="183" count="1" type="stmt"/>
      <line num="189" count="1" type="stmt"/>
      <line num="216" count="1" type="stmt"/>
      <line num="217" count="1" type="stmt"/>
    </file>
    <file name="tp1.class.js" path="D:\Users\Raphael\Documents\Code\JavaScript\Ingénieur\Validation des logiciels\quality-env-tests\src\tp1.class.js">
      <metrics statements="100" coveredstatements="100" conditionals="49" coveredconditionals="48" methods="16" coveredmethods="16"/>
      <line num="10" count="1" type="stmt"/>
      <line num="12" count="1" type="stmt"/>
      <line num="13" count="4" type="cond" truecount="4" falsecount="0"/>
      <line num="14" count="2" type="stmt"/>
      <line num="17" count="2" type="stmt"/>
      <line num="20" count="1" type="cond" truecount="0" falsecount="1"/>
      <line num="21" count="10" type="stmt"/>
      <line num="23" count="10" type="cond" truecount="2" falsecount="0"/>
      <line num="24" count="2" type="stmt"/>
      <line num="27" count="8" type="stmt"/>
      <line num="28" count="41" type="stmt"/>
      <line num="31" count="8" type="stmt"/>
      <line num="34" count="2" type="stmt"/>
      <line num="36" count="1" type="stmt"/>
      <line num="37" count="2" type="stmt"/>
      <line num="39" count="2" type="stmt"/>
      <line num="40" count="3" type="stmt"/>
      <line num="43" count="2" type="stmt"/>
      <line num="46" count="1" type="stmt"/>
      <line num="47" count="3" type="cond" truecount="2" falsecount="0"/>
      <line num="48" count="2" type="stmt"/>
      <line num="51" count="1" type="stmt"/>
      <line num="54" count="1" type="stmt"/>
      <line num="55" count="144" type="cond" truecount="2" falsecount="0"/>
      <line num="56" count="1" type="stmt"/>
      <line num="59" count="143" type="cond" truecount="4" falsecount="0"/>
      <line num="60" count="75" type="stmt"/>
      <line num="63" count="68" type="stmt"/>
      <line num="66" count="1" type="stmt"/>
      <line num="67" count="1" type="stmt"/>
      <line num="68" count="1" type="stmt"/>
      <line num="70" count="1" type="stmt"/>
      <line num="71" count="26" type="stmt"/>
      <line num="74" count="1" type="stmt"/>
      <line num="77" count="1" type="stmt"/>
      <line num="78" count="1" type="stmt"/>
      <line num="80" count="1" type="stmt"/>
      <line num="81" count="3" type="stmt"/>
      <line num="84" count="1" type="stmt"/>
      <line num="87" count="1" type="stmt"/>
      <line num="88" count="9" type="stmt"/>
      <line num="90" count="9" type="stmt"/>
      <line num="91" count="33" type="stmt"/>
      <line num="93" count="33" type="cond" truecount="4" falsecount="0"/>
      <line num="94" count="9" type="stmt"/>
      <line num="96" count="33" type="cond" truecount="4" falsecount="0"/>
      <line num="97" count="5" type="stmt"/>
      <line num="99" count="33" type="cond" truecount="4" falsecount="0"/>
      <line num="100" count="4" type="stmt"/>
      <line num="102" count="33" type="cond" truecount="2" falsecount="0"/>
      <line num="103" count="2" type="stmt"/>
      <line num="107" count="9" type="stmt"/>
      <line num="111" count="49" type="cond" truecount="2" falsecount="0"/>
      <line num="112" count="20" type="stmt"/>
      <line num="113" count="20" type="stmt"/>
      <line num="114" count="20" type="stmt"/>
      <line num="115" count="20" type="stmt"/>
      <line num="116" count="46" type="cond" truecount="2" falsecount="0"/>
      <line num="117" count="25" type="stmt"/>
      <line num="119" count="20" type="stmt"/>
      <line num="123" count="118" type="cond" truecount="2" falsecount="0"/>
      <line num="124" count="73" type="stmt"/>
      <line num="125" count="73" type="stmt"/>
      <line num="126" count="111" type="stmt"/>
      <line num="127" count="111" type="stmt"/>
      <line num="128" count="111" type="stmt"/>
      <line num="129" count="152" type="stmt"/>
      <line num="132" count="73" type="stmt"/>
      <line num="136" count="4" type="stmt"/>
      <line num="137" count="4" type="stmt"/>
      <line num="138" count="4" type="stmt"/>
      <line num="139" count="4" type="stmt"/>
      <line num="141" count="4" type="stmt"/>
      <line num="142" count="37" type="stmt"/>
      <line num="143" count="37" type="stmt"/>
      <line num="144" count="96" type="stmt"/>
      <line num="146" count="37" type="stmt"/>
      <line num="148" count="37" type="cond" truecount="2" falsecount="0"/>
      <line num="149" count="6" type="stmt"/>
      <line num="150" count="6" type="stmt"/>
      <line num="153" count="4" type="stmt"/>
      <line num="157" count="64943" type="stmt"/>
      <line num="158" count="288564" type="cond" truecount="4" falsecount="0"/>
      <line num="160" count="10596" type="stmt"/>
      <line num="161" count="10596" type="stmt"/>
      <line num="162" count="10596" type="stmt"/>
      <line num="163" count="27403" type="stmt"/>
      <line num="164" count="79087" type="cond" truecount="2" falsecount="0"/>
      <line num="167" count="7239" type="stmt"/>
      <line num="171" count="7242" type="stmt"/>
      <line num="172" count="24135" type="stmt"/>
      <line num="173" count="196921" type="cond" truecount="2" falsecount="0"/>
      <line num="174" count="7240" type="stmt"/>
      <line num="175" count="64940" type="cond" truecount="2" falsecount="0"/>
      <line num="176" count="7238" type="stmt"/>
      <line num="177" count="7238" type="cond" truecount="2" falsecount="0"/>
      <line num="178" count="51" type="stmt"/>
      <line num="180" count="7187" type="stmt"/>
      <line num="183" count="7189" type="stmt"/>
      <line num="187" count="2" type="stmt"/>
    </file>
  </project>
</coverage>
