{"D:\\Users\\Raphael\\Documents\\Code\\JavaScript\\Ingénieur\\Validation des logiciels\\quality-env-tests\\src\\bot.class.js": {"path":"D:\\Users\\Raphael\\Documents\\Code\\JavaScript\\Ingénieur\\Validation des logiciels\\quality-env-tests\\src\\bot.class.js","statementMap":{"0":{"start":{"line":1,"column":12},"end":{"line":33,"column":1}},"1":{"start":{"line":10,"column":8},"end":{"line":10,"column":14}},"2":{"start":{"line":11,"column":4},"end":{"line":11,"column":17}},"3":{"start":{"line":12,"column":4},"end":{"line":12,"column":21}},"4":{"start":{"line":13,"column":4},"end":{"line":13,"column":25}},"5":{"start":{"line":14,"column":4},"end":{"line":14,"column":27}},"6":{"start":{"line":15,"column":4},"end":{"line":15,"column":22}},"7":{"start":{"line":19,"column":22},"end":{"line":19,"column":24}},"8":{"start":{"line":21,"column":4},"end":{"line":29,"column":7}},"9":{"start":{"line":22,"column":34},"end":{"line":22,"column":40}},"10":{"start":{"line":24,"column":6},"end":{"line":28,"column":7}},"11":{"start":{"line":25,"column":8},"end":{"line":25,"column":35}},"12":{"start":{"line":27,"column":8},"end":{"line":27,"column":27}},"13":{"start":{"line":31,"column":4},"end":{"line":31,"column":21}}},"fnMap":{"0":{"name":"(anonymous_0)","decl":{"start":{"line":4,"column":2},"end":{"line":4,"column":3}},"loc":{"start":{"line":4,"column":22},"end":{"line":16,"column":3}},"line":4},"1":{"name":"(anonymous_1)","decl":{"start":{"line":18,"column":2},"end":{"line":18,"column":3}},"loc":{"start":{"line":18,"column":31},"end":{"line":32,"column":3}},"line":18},"2":{"name":"(anonymous_2)","decl":{"start":{"line":21,"column":25},"end":{"line":21,"column":26}},"loc":{"start":{"line":21,"column":37},"end":{"line":29,"column":5}},"line":21}},"branchMap":{"0":{"loc":{"start":{"line":24,"column":6},"end":{"line":28,"column":7}},"type":"if","locations":[{"start":{"line":24,"column":6},"end":{"line":28,"column":7}},{"start":{},"end":{}}],"line":24}},"s":{"0":2,"1":3,"2":3,"3":3,"4":3,"5":3,"6":3,"7":7,"8":7,"9":19,"10":19,"11":6,"12":6,"13":7},"f":{"0":3,"1":7,"2":19},"b":{"0":[6,13]},"_coverageSchema":"1a1c01bbd47fc00a2c39e90264f33305004495a9","hash":"bd52aef4f0ab0ea71c9ab1489224be2c6ea3aefd"}
,"D:\\Users\\Raphael\\Documents\\Code\\JavaScript\\Ingénieur\\Validation des logiciels\\quality-env-tests\\src\\tchat.class.js": {"path":"D:\\Users\\Raphael\\Documents\\Code\\JavaScript\\Ingénieur\\Validation des logiciels\\quality-env-tests\\src\\tchat.class.js","statementMap":{"0":{"start":{"line":3,"column":14},"end":{"line":219,"column":1}},"1":{"start":{"line":5,"column":4},"end":{"line":9,"column":6}},"2":{"start":{"line":10,"column":4},"end":{"line":10,"column":48}},"3":{"start":{"line":10,"column":34},"end":{"line":10,"column":46}},"4":{"start":{"line":11,"column":4},"end":{"line":11,"column":45}},"5":{"start":{"line":15,"column":21},"end":{"line":19,"column":5}},"6":{"start":{"line":15,"column":27},"end":{"line":19,"column":5}},"7":{"start":{"line":21,"column":4},"end":{"line":41,"column":6}},"8":{"start":{"line":45,"column":4},"end":{"line":49,"column":6}},"9":{"start":{"line":47,"column":33},"end":{"line":47,"column":52}},"10":{"start":{"line":58,"column":8},"end":{"line":58,"column":11}},"11":{"start":{"line":60,"column":4},"end":{"line":71,"column":6}},"12":{"start":{"line":75,"column":29},"end":{"line":75,"column":38}},"13":{"start":{"line":77,"column":4},"end":{"line":98,"column":6}},"14":{"start":{"line":102,"column":35},"end":{"line":102,"column":42}},"15":{"start":{"line":103,"column":4},"end":{"line":123,"column":6}},"16":{"start":{"line":127,"column":4},"end":{"line":132,"column":6}},"17":{"start":{"line":136,"column":21},"end":{"line":136,"column":23}},"18":{"start":{"line":138,"column":4},"end":{"line":155,"column":7}},"19":{"start":{"line":139,"column":24},"end":{"line":139,"column":56}},"20":{"start":{"line":141,"column":6},"end":{"line":154,"column":7}},"21":{"start":{"line":142,"column":33},"end":{"line":142,"column":36}},"22":{"start":{"line":144,"column":8},"end":{"line":151,"column":11}},"23":{"start":{"line":145,"column":10},"end":{"line":150,"column":13}},"24":{"start":{"line":153,"column":8},"end":{"line":153,"column":38}},"25":{"start":{"line":157,"column":4},"end":{"line":157,"column":20}},"26":{"start":{"line":161,"column":4},"end":{"line":166,"column":7}},"27":{"start":{"line":162,"column":31},"end":{"line":162,"column":34}},"28":{"start":{"line":163,"column":20},"end":{"line":163,"column":57}},"29":{"start":{"line":165,"column":6},"end":{"line":165,"column":35}},"30":{"start":{"line":170,"column":23},"end":{"line":170,"column":58}},"31":{"start":{"line":171,"column":20},"end":{"line":171,"column":51}},"32":{"start":{"line":174,"column":4},"end":{"line":185,"column":7}},"33":{"start":{"line":175,"column":6},"end":{"line":184,"column":7}},"34":{"start":{"line":176,"column":24},"end":{"line":176,"column":37}},"35":{"start":{"line":177,"column":8},"end":{"line":177,"column":66}},"36":{"start":{"line":178,"column":8},"end":{"line":178,"column":27}},"37":{"start":{"line":180,"column":29},"end":{"line":181,"column":64}},"38":{"start":{"line":181,"column":28},"end":{"line":181,"column":63}},"39":{"start":{"line":183,"column":8},"end":{"line":183,"column":54}},"40":{"start":{"line":189,"column":4},"end":{"line":212,"column":6}},"41":{"start":{"line":216,"column":4},"end":{"line":216,"column":38}},"42":{"start":{"line":217,"column":4},"end":{"line":217,"column":30}}},"fnMap":{"0":{"name":"(anonymous_0)","decl":{"start":{"line":4,"column":2},"end":{"line":4,"column":3}},"loc":{"start":{"line":4,"column":20},"end":{"line":12,"column":3}},"line":4},"1":{"name":"(anonymous_1)","decl":{"start":{"line":10,"column":25},"end":{"line":10,"column":26}},"loc":{"start":{"line":10,"column":34},"end":{"line":10,"column":46}},"line":10},"2":{"name":"(anonymous_2)","decl":{"start":{"line":14,"column":2},"end":{"line":14,"column":3}},"loc":{"start":{"line":14,"column":14},"end":{"line":42,"column":3}},"line":14},"3":{"name":"(anonymous_3)","decl":{"start":{"line":15,"column":21},"end":{"line":15,"column":22}},"loc":{"start":{"line":15,"column":27},"end":{"line":19,"column":5}},"line":15},"4":{"name":"(anonymous_4)","decl":{"start":{"line":44,"column":2},"end":{"line":44,"column":3}},"loc":{"start":{"line":44,"column":19},"end":{"line":50,"column":3}},"line":44},"5":{"name":"(anonymous_5)","decl":{"start":{"line":47,"column":24},"end":{"line":47,"column":25}},"loc":{"start":{"line":47,"column":33},"end":{"line":47,"column":52}},"line":47},"6":{"name":"(anonymous_6)","decl":{"start":{"line":52,"column":2},"end":{"line":52,"column":3}},"loc":{"start":{"line":52,"column":17},"end":{"line":72,"column":3}},"line":52},"7":{"name":"(anonymous_7)","decl":{"start":{"line":74,"column":2},"end":{"line":74,"column":3}},"loc":{"start":{"line":74,"column":28},"end":{"line":99,"column":3}},"line":74},"8":{"name":"(anonymous_8)","decl":{"start":{"line":101,"column":2},"end":{"line":101,"column":3}},"loc":{"start":{"line":101,"column":33},"end":{"line":124,"column":3}},"line":101},"9":{"name":"(anonymous_9)","decl":{"start":{"line":126,"column":2},"end":{"line":126,"column":3}},"loc":{"start":{"line":126,"column":24},"end":{"line":133,"column":3}},"line":126},"10":{"name":"(anonymous_10)","decl":{"start":{"line":135,"column":2},"end":{"line":135,"column":3}},"loc":{"start":{"line":135,"column":24},"end":{"line":158,"column":3}},"line":135},"11":{"name":"(anonymous_11)","decl":{"start":{"line":138,"column":22},"end":{"line":138,"column":23}},"loc":{"start":{"line":138,"column":31},"end":{"line":155,"column":5}},"line":138},"12":{"name":"(anonymous_12)","decl":{"start":{"line":144,"column":26},"end":{"line":144,"column":27}},"loc":{"start":{"line":144,"column":36},"end":{"line":151,"column":9}},"line":144},"13":{"name":"(anonymous_13)","decl":{"start":{"line":160,"column":2},"end":{"line":160,"column":3}},"loc":{"start":{"line":160,"column":27},"end":{"line":167,"column":3}},"line":160},"14":{"name":"(anonymous_14)","decl":{"start":{"line":161,"column":22},"end":{"line":161,"column":23}},"loc":{"start":{"line":161,"column":31},"end":{"line":166,"column":5}},"line":161},"15":{"name":"(anonymous_15)","decl":{"start":{"line":169,"column":2},"end":{"line":169,"column":3}},"loc":{"start":{"line":169,"column":23},"end":{"line":186,"column":3}},"line":169},"16":{"name":"(anonymous_16)","decl":{"start":{"line":174,"column":38},"end":{"line":174,"column":39}},"loc":{"start":{"line":174,"column":45},"end":{"line":185,"column":5}},"line":174},"17":{"name":"(anonymous_17)","decl":{"start":{"line":181,"column":15},"end":{"line":181,"column":16}},"loc":{"start":{"line":181,"column":28},"end":{"line":181,"column":63}},"line":181},"18":{"name":"(anonymous_18)","decl":{"start":{"line":188,"column":2},"end":{"line":188,"column":3}},"loc":{"start":{"line":188,"column":11},"end":{"line":213,"column":3}},"line":188},"19":{"name":"(anonymous_19)","decl":{"start":{"line":215,"column":2},"end":{"line":215,"column":3}},"loc":{"start":{"line":215,"column":8},"end":{"line":218,"column":3}},"line":215}},"branchMap":{"0":{"loc":{"start":{"line":36,"column":16},"end":{"line":36,"column":60}},"type":"cond-expr","locations":[{"start":{"line":36,"column":45},"end":{"line":36,"column":55}},{"start":{"line":36,"column":58},"end":{"line":36,"column":60}}],"line":36},"1":{"loc":{"start":{"line":141,"column":6},"end":{"line":154,"column":7}},"type":"if","locations":[{"start":{"line":141,"column":6},"end":{"line":154,"column":7}},{"start":{},"end":{}}],"line":141},"2":{"loc":{"start":{"line":175,"column":6},"end":{"line":184,"column":7}},"type":"if","locations":[{"start":{"line":175,"column":6},"end":{"line":184,"column":7}},{"start":{},"end":{}}],"line":175}},"s":{"0":1,"1":1,"2":1,"3":2,"4":1,"5":1,"6":0,"7":1,"8":1,"9":2,"10":2,"11":2,"12":2,"13":2,"14":3,"15":3,"16":2,"17":2,"18":2,"19":4,"20":4,"21":3,"22":3,"23":4,"24":3,"25":2,"26":3,"27":6,"28":6,"29":6,"30":3,"31":3,"32":3,"33":2,"34":1,"35":1,"36":1,"37":1,"38":2,"39":1,"40":1,"41":1,"42":1},"f":{"0":1,"1":2,"2":1,"3":0,"4":1,"5":2,"6":2,"7":2,"8":3,"9":2,"10":2,"11":4,"12":4,"13":3,"14":6,"15":3,"16":2,"17":2,"18":1,"19":1},"b":{"0":[0,1],"1":[3,1],"2":[1,1]},"_coverageSchema":"1a1c01bbd47fc00a2c39e90264f33305004495a9","hash":"37cbd7556ad01e1df70040e70bce9b1cdbf72f46"}
,"D:\\Users\\Raphael\\Documents\\Code\\JavaScript\\Ingénieur\\Validation des logiciels\\quality-env-tests\\src\\tp1.class.js": {"path":"D:\\Users\\Raphael\\Documents\\Code\\JavaScript\\Ingénieur\\Validation des logiciels\\quality-env-tests\\src\\tp1.class.js","statementMap":{"0":{"start":{"line":10,"column":26},"end":{"line":10,"column":41}},"1":{"start":{"line":10,"column":33},"end":{"line":10,"column":41}},"2":{"start":{"line":12,"column":12},"end":{"line":18,"column":1}},"3":{"start":{"line":13,"column":2},"end":{"line":15,"column":3}},"4":{"start":{"line":14,"column":4},"end":{"line":14,"column":13}},"5":{"start":{"line":17,"column":2},"end":{"line":17,"column":15}},"6":{"start":{"line":20,"column":24},"end":{"line":32,"column":1}},"7":{"start":{"line":21,"column":14},"end":{"line":21,"column":15}},"8":{"start":{"line":23,"column":2},"end":{"line":25,"column":3}},"9":{"start":{"line":24,"column":4},"end":{"line":24,"column":17}},"10":{"start":{"line":27,"column":2},"end":{"line":29,"column":3}},"11":{"start":{"line":28,"column":4},"end":{"line":28,"column":12}},"12":{"start":{"line":31,"column":2},"end":{"line":31,"column":15}},"13":{"start":{"line":34,"column":27},"end":{"line":34,"column":61}},"14":{"start":{"line":34,"column":33},"end":{"line":34,"column":61}},"15":{"start":{"line":36,"column":25},"end":{"line":44,"column":1}},"16":{"start":{"line":37,"column":17},"end":{"line":37,"column":19}},"17":{"start":{"line":39,"column":2},"end":{"line":41,"column":3}},"18":{"start":{"line":39,"column":15},"end":{"line":39,"column":16}},"19":{"start":{"line":40,"column":4},"end":{"line":40,"column":23}},"20":{"start":{"line":43,"column":2},"end":{"line":43,"column":16}},"21":{"start":{"line":46,"column":25},"end":{"line":52,"column":1}},"22":{"start":{"line":47,"column":2},"end":{"line":49,"column":3}},"23":{"start":{"line":48,"column":4},"end":{"line":48,"column":22}},"24":{"start":{"line":51,"column":2},"end":{"line":51,"column":19}},"25":{"start":{"line":54,"column":13},"end":{"line":64,"column":1}},"26":{"start":{"line":55,"column":2},"end":{"line":57,"column":3}},"27":{"start":{"line":56,"column":4},"end":{"line":56,"column":13}},"28":{"start":{"line":59,"column":2},"end":{"line":61,"column":3}},"29":{"start":{"line":60,"column":4},"end":{"line":60,"column":13}},"30":{"start":{"line":63,"column":2},"end":{"line":63,"column":35}},"31":{"start":{"line":66,"column":35},"end":{"line":75,"column":1}},"32":{"start":{"line":67,"column":16},"end":{"line":67,"column":36}},"33":{"start":{"line":68,"column":21},"end":{"line":68,"column":23}},"34":{"start":{"line":70,"column":2},"end":{"line":72,"column":3}},"35":{"start":{"line":70,"column":15},"end":{"line":70,"column":37}},"36":{"start":{"line":71,"column":4},"end":{"line":71,"column":33}},"37":{"start":{"line":74,"column":2},"end":{"line":74,"column":22}},"38":{"start":{"line":77,"column":26},"end":{"line":85,"column":1}},"39":{"start":{"line":78,"column":10},"end":{"line":78,"column":11}},"40":{"start":{"line":80,"column":2},"end":{"line":82,"column":3}},"41":{"start":{"line":81,"column":4},"end":{"line":81,"column":11}},"42":{"start":{"line":84,"column":2},"end":{"line":84,"column":11}},"43":{"start":{"line":87,"column":29},"end":{"line":108,"column":1}},"44":{"start":{"line":88,"column":18},"end":{"line":88,"column":20}},"45":{"start":{"line":90,"column":2},"end":{"line":105,"column":3}},"46":{"start":{"line":90,"column":15},"end":{"line":90,"column":16}},"47":{"start":{"line":91,"column":20},"end":{"line":91,"column":26}},"48":{"start":{"line":93,"column":4},"end":{"line":95,"column":5}},"49":{"start":{"line":94,"column":6},"end":{"line":94,"column":47}},"50":{"start":{"line":96,"column":4},"end":{"line":98,"column":5}},"51":{"start":{"line":97,"column":6},"end":{"line":97,"column":47}},"52":{"start":{"line":99,"column":4},"end":{"line":101,"column":5}},"53":{"start":{"line":100,"column":6},"end":{"line":100,"column":47}},"54":{"start":{"line":102,"column":4},"end":{"line":104,"column":5}},"55":{"start":{"line":103,"column":6},"end":{"line":103,"column":47}},"56":{"start":{"line":107,"column":2},"end":{"line":107,"column":26}},"57":{"start":{"line":111,"column":2},"end":{"line":111,"column":34}},"58":{"start":{"line":111,"column":23},"end":{"line":111,"column":34}},"59":{"start":{"line":112,"column":14},"end":{"line":112,"column":33}},"60":{"start":{"line":113,"column":13},"end":{"line":113,"column":15}},"61":{"start":{"line":114,"column":14},"end":{"line":114,"column":16}},"62":{"start":{"line":115,"column":2},"end":{"line":118,"column":3}},"63":{"start":{"line":115,"column":15},"end":{"line":115,"column":16}},"64":{"start":{"line":116,"column":4},"end":{"line":117,"column":28}},"65":{"start":{"line":116,"column":24},"end":{"line":116,"column":42}},"66":{"start":{"line":117,"column":9},"end":{"line":117,"column":28}},"67":{"start":{"line":119,"column":2},"end":{"line":119,"column":58}},"68":{"start":{"line":123,"column":15},"end":{"line":123,"column":37}},"69":{"start":{"line":124,"column":21},"end":{"line":124,"column":37}},"70":{"start":{"line":125,"column":20},"end":{"line":125,"column":28}},"71":{"start":{"line":126,"column":29},"end":{"line":126,"column":31}},"72":{"start":{"line":128,"column":2},"end":{"line":139,"column":5}},"73":{"start":{"line":129,"column":25},"end":{"line":129,"column":26}},"74":{"start":{"line":130,"column":4},"end":{"line":132,"column":5}},"75":{"start":{"line":130,"column":17},"end":{"line":130,"column":18}},"76":{"start":{"line":131,"column":6},"end":{"line":131,"column":60}},"77":{"start":{"line":133,"column":4},"end":{"line":133,"column":70}},"78":{"start":{"line":135,"column":4},"end":{"line":138,"column":5}},"79":{"start":{"line":136,"column":6},"end":{"line":136,"column":35}},"80":{"start":{"line":137,"column":6},"end":{"line":137,"column":36}},"81":{"start":{"line":140,"column":2},"end":{"line":140,"column":47}},"82":{"start":{"line":144,"column":2},"end":{"line":144,"column":36}},"83":{"start":{"line":144,"column":24},"end":{"line":144,"column":36}},"84":{"start":{"line":145,"column":15},"end":{"line":145,"column":17}},"85":{"start":{"line":146,"column":2},"end":{"line":152,"column":3}},"86":{"start":{"line":146,"column":15},"end":{"line":146,"column":16}},"87":{"start":{"line":147,"column":16},"end":{"line":147,"column":56}},"88":{"start":{"line":148,"column":17},"end":{"line":148,"column":32}},"89":{"start":{"line":149,"column":4},"end":{"line":151,"column":5}},"90":{"start":{"line":149,"column":17},"end":{"line":149,"column":18}},"91":{"start":{"line":150,"column":6},"end":{"line":150,"column":46}},"92":{"start":{"line":153,"column":2},"end":{"line":153,"column":16}},"93":{"start":{"line":157,"column":2},"end":{"line":172,"column":3}},"94":{"start":{"line":157,"column":19},"end":{"line":157,"column":20}},"95":{"start":{"line":158,"column":4},"end":{"line":171,"column":5}},"96":{"start":{"line":158,"column":19},"end":{"line":158,"column":20}},"97":{"start":{"line":159,"column":6},"end":{"line":170,"column":7}},"98":{"start":{"line":160,"column":8},"end":{"line":168,"column":9}},"99":{"start":{"line":160,"column":23},"end":{"line":160,"column":24}},"100":{"start":{"line":161,"column":10},"end":{"line":167,"column":11}},"101":{"start":{"line":162,"column":12},"end":{"line":162,"column":37}},"102":{"start":{"line":163,"column":12},"end":{"line":165,"column":13}},"103":{"start":{"line":164,"column":14},"end":{"line":164,"column":26}},"104":{"start":{"line":166,"column":12},"end":{"line":166,"column":35}},"105":{"start":{"line":169,"column":8},"end":{"line":169,"column":21}},"106":{"start":{"line":173,"column":2},"end":{"line":173,"column":14}},"107":{"start":{"line":177,"column":2},"end":{"line":179,"column":3}},"108":{"start":{"line":177,"column":15},"end":{"line":177,"column":16}},"109":{"start":{"line":178,"column":4},"end":{"line":178,"column":73}},"110":{"start":{"line":178,"column":60},"end":{"line":178,"column":73}},"111":{"start":{"line":180,"column":17},"end":{"line":180,"column":42}},"112":{"start":{"line":181,"column":17},"end":{"line":181,"column":40}},"113":{"start":{"line":182,"column":2},"end":{"line":186,"column":3}},"114":{"start":{"line":182,"column":15},"end":{"line":182,"column":23}},"115":{"start":{"line":183,"column":4},"end":{"line":185,"column":5}},"116":{"start":{"line":183,"column":17},"end":{"line":183,"column":25}},"117":{"start":{"line":184,"column":6},"end":{"line":184,"column":45}},"118":{"start":{"line":184,"column":32},"end":{"line":184,"column":45}},"119":{"start":{"line":187,"column":2},"end":{"line":187,"column":14}}},"fnMap":{"0":{"name":"(anonymous_0)","decl":{"start":{"line":10,"column":26},"end":{"line":10,"column":27}},"loc":{"start":{"line":10,"column":33},"end":{"line":10,"column":41}},"line":10},"1":{"name":"(anonymous_1)","decl":{"start":{"line":12,"column":12},"end":{"line":12,"column":13}},"loc":{"start":{"line":12,"column":22},"end":{"line":18,"column":1}},"line":12},"2":{"name":"(anonymous_2)","decl":{"start":{"line":20,"column":24},"end":{"line":20,"column":25}},"loc":{"start":{"line":20,"column":38},"end":{"line":32,"column":1}},"line":20},"3":{"name":"(anonymous_3)","decl":{"start":{"line":34,"column":27},"end":{"line":34,"column":28}},"loc":{"start":{"line":34,"column":33},"end":{"line":34,"column":61}},"line":34},"4":{"name":"(anonymous_4)","decl":{"start":{"line":36,"column":25},"end":{"line":36,"column":26}},"loc":{"start":{"line":36,"column":34},"end":{"line":44,"column":1}},"line":36},"5":{"name":"(anonymous_5)","decl":{"start":{"line":46,"column":25},"end":{"line":46,"column":26}},"loc":{"start":{"line":46,"column":34},"end":{"line":52,"column":1}},"line":46},"6":{"name":"(anonymous_6)","decl":{"start":{"line":54,"column":13},"end":{"line":54,"column":14}},"loc":{"start":{"line":54,"column":20},"end":{"line":64,"column":1}},"line":54},"7":{"name":"(anonymous_7)","decl":{"start":{"line":66,"column":35},"end":{"line":66,"column":36}},"loc":{"start":{"line":66,"column":41},"end":{"line":75,"column":1}},"line":66},"8":{"name":"(anonymous_8)","decl":{"start":{"line":77,"column":26},"end":{"line":77,"column":27}},"loc":{"start":{"line":77,"column":35},"end":{"line":85,"column":1}},"line":77},"9":{"name":"(anonymous_9)","decl":{"start":{"line":87,"column":29},"end":{"line":87,"column":30}},"loc":{"start":{"line":87,"column":38},"end":{"line":108,"column":1}},"line":87},"10":{"name":"quickSort","decl":{"start":{"line":110,"column":9},"end":{"line":110,"column":18}},"loc":{"start":{"line":110,"column":24},"end":{"line":120,"column":1}},"line":110},"11":{"name":"tspBrutForce","decl":{"start":{"line":122,"column":9},"end":{"line":122,"column":21}},"loc":{"start":{"line":122,"column":33},"end":{"line":141,"column":1}},"line":122},"12":{"name":"(anonymous_12)","decl":{"start":{"line":128,"column":23},"end":{"line":128,"column":24}},"loc":{"start":{"line":128,"column":33},"end":{"line":139,"column":3}},"line":128},"13":{"name":"permuter","decl":{"start":{"line":143,"column":9},"end":{"line":143,"column":17}},"loc":{"start":{"line":143,"column":23},"end":{"line":154,"column":1}},"line":143},"14":{"name":"resoudreSudoku","decl":{"start":{"line":156,"column":9},"end":{"line":156,"column":23}},"loc":{"start":{"line":156,"column":32},"end":{"line":174,"column":1}},"line":156},"15":{"name":"estValide","decl":{"start":{"line":176,"column":9},"end":{"line":176,"column":18}},"loc":{"start":{"line":176,"column":44},"end":{"line":188,"column":1}},"line":176}},"branchMap":{"0":{"loc":{"start":{"line":13,"column":2},"end":{"line":15,"column":3}},"type":"if","locations":[{"start":{"line":13,"column":2},"end":{"line":15,"column":3}},{"start":{},"end":{}}],"line":13},"1":{"loc":{"start":{"line":13,"column":6},"end":{"line":13,"column":50}},"type":"binary-expr","locations":[{"start":{"line":13,"column":6},"end":{"line":13,"column":26}},{"start":{"line":13,"column":30},"end":{"line":13,"column":50}}],"line":13},"2":{"loc":{"start":{"line":20,"column":25},"end":{"line":20,"column":33}},"type":"default-arg","locations":[{"start":{"line":20,"column":31},"end":{"line":20,"column":33}}],"line":20},"3":{"loc":{"start":{"line":23,"column":2},"end":{"line":25,"column":3}},"type":"if","locations":[{"start":{"line":23,"column":2},"end":{"line":25,"column":3}},{"start":{},"end":{}}],"line":23},"4":{"loc":{"start":{"line":47,"column":2},"end":{"line":49,"column":3}},"type":"if","locations":[{"start":{"line":47,"column":2},"end":{"line":49,"column":3}},{"start":{},"end":{}}],"line":47},"5":{"loc":{"start":{"line":55,"column":2},"end":{"line":57,"column":3}},"type":"if","locations":[{"start":{"line":55,"column":2},"end":{"line":57,"column":3}},{"start":{},"end":{}}],"line":55},"6":{"loc":{"start":{"line":59,"column":2},"end":{"line":61,"column":3}},"type":"if","locations":[{"start":{"line":59,"column":2},"end":{"line":61,"column":3}},{"start":{},"end":{}}],"line":59},"7":{"loc":{"start":{"line":59,"column":6},"end":{"line":59,"column":22}},"type":"binary-expr","locations":[{"start":{"line":59,"column":6},"end":{"line":59,"column":12}},{"start":{"line":59,"column":16},"end":{"line":59,"column":22}}],"line":59},"8":{"loc":{"start":{"line":93,"column":4},"end":{"line":95,"column":5}},"type":"if","locations":[{"start":{"line":93,"column":4},"end":{"line":95,"column":5}},{"start":{},"end":{}}],"line":93},"9":{"loc":{"start":{"line":93,"column":9},"end":{"line":93,"column":39}},"type":"binary-expr","locations":[{"start":{"line":93,"column":9},"end":{"line":93,"column":22}},{"start":{"line":93,"column":26},"end":{"line":93,"column":39}}],"line":93},"10":{"loc":{"start":{"line":96,"column":4},"end":{"line":98,"column":5}},"type":"if","locations":[{"start":{"line":96,"column":4},"end":{"line":98,"column":5}},{"start":{},"end":{}}],"line":96},"11":{"loc":{"start":{"line":96,"column":9},"end":{"line":96,"column":40}},"type":"binary-expr","locations":[{"start":{"line":96,"column":9},"end":{"line":96,"column":22}},{"start":{"line":96,"column":26},"end":{"line":96,"column":40}}],"line":96},"12":{"loc":{"start":{"line":99,"column":4},"end":{"line":101,"column":5}},"type":"if","locations":[{"start":{"line":99,"column":4},"end":{"line":101,"column":5}},{"start":{},"end":{}}],"line":99},"13":{"loc":{"start":{"line":99,"column":9},"end":{"line":99,"column":39}},"type":"binary-expr","locations":[{"start":{"line":99,"column":9},"end":{"line":99,"column":22}},{"start":{"line":99,"column":26},"end":{"line":99,"column":39}}],"line":99},"14":{"loc":{"start":{"line":102,"column":4},"end":{"line":104,"column":5}},"type":"if","locations":[{"start":{"line":102,"column":4},"end":{"line":104,"column":5}},{"start":{},"end":{}}],"line":102},"15":{"loc":{"start":{"line":111,"column":2},"end":{"line":111,"column":34}},"type":"if","locations":[{"start":{"line":111,"column":2},"end":{"line":111,"column":34}},{"start":{},"end":{}}],"line":111},"16":{"loc":{"start":{"line":116,"column":4},"end":{"line":117,"column":28}},"type":"if","locations":[{"start":{"line":116,"column":4},"end":{"line":117,"column":28}},{"start":{"line":117,"column":9},"end":{"line":117,"column":28}}],"line":116},"17":{"loc":{"start":{"line":135,"column":4},"end":{"line":138,"column":5}},"type":"if","locations":[{"start":{"line":135,"column":4},"end":{"line":138,"column":5}},{"start":{},"end":{}}],"line":135},"18":{"loc":{"start":{"line":144,"column":2},"end":{"line":144,"column":36}},"type":"if","locations":[{"start":{"line":144,"column":2},"end":{"line":144,"column":36}},{"start":{},"end":{}}],"line":144},"19":{"loc":{"start":{"line":159,"column":6},"end":{"line":170,"column":7}},"type":"if","locations":[{"start":{"line":159,"column":6},"end":{"line":170,"column":7}},{"start":{},"end":{}}],"line":159},"20":{"loc":{"start":{"line":161,"column":10},"end":{"line":167,"column":11}},"type":"if","locations":[{"start":{"line":161,"column":10},"end":{"line":167,"column":11}},{"start":{},"end":{}}],"line":161},"21":{"loc":{"start":{"line":163,"column":12},"end":{"line":165,"column":13}},"type":"if","locations":[{"start":{"line":163,"column":12},"end":{"line":165,"column":13}},{"start":{},"end":{}}],"line":163},"22":{"loc":{"start":{"line":178,"column":4},"end":{"line":178,"column":73}},"type":"if","locations":[{"start":{"line":178,"column":4},"end":{"line":178,"column":73}},{"start":{},"end":{}}],"line":178},"23":{"loc":{"start":{"line":178,"column":8},"end":{"line":178,"column":58}},"type":"binary-expr","locations":[{"start":{"line":178,"column":8},"end":{"line":178,"column":32}},{"start":{"line":178,"column":36},"end":{"line":178,"column":58}}],"line":178},"24":{"loc":{"start":{"line":184,"column":6},"end":{"line":184,"column":45}},"type":"if","locations":[{"start":{"line":184,"column":6},"end":{"line":184,"column":45}},{"start":{},"end":{}}],"line":184}},"s":{"0":1,"1":1,"2":1,"3":2,"4":1,"5":1,"6":1,"7":7,"8":7,"9":1,"10":6,"11":41,"12":6,"13":1,"14":2,"15":1,"16":1,"17":1,"18":1,"19":3,"20":1,"21":1,"22":2,"23":1,"24":1,"25":1,"26":35,"27":1,"28":34,"29":20,"30":14,"31":1,"32":1,"33":1,"34":1,"35":1,"36":26,"37":1,"38":1,"39":1,"40":1,"41":3,"42":1,"43":1,"44":7,"45":7,"46":7,"47":27,"48":27,"49":9,"50":27,"51":5,"52":27,"53":4,"54":27,"55":2,"56":7,"57":35,"58":21,"59":14,"60":14,"61":14,"62":14,"63":14,"64":34,"65":15,"66":19,"67":14,"68":4,"69":4,"70":4,"71":4,"72":4,"73":33,"74":33,"75":33,"76":86,"77":33,"78":33,"79":5,"80":5,"81":4,"82":107,"83":41,"84":66,"85":66,"86":66,"87":100,"88":100,"89":100,"90":100,"91":138,"92":66,"93":4209,"94":4209,"95":16962,"96":16962,"97":139258,"98":4208,"99":4208,"100":37652,"101":4208,"102":4208,"103":51,"104":4157,"105":4157,"106":1,"107":37654,"108":37654,"109":163085,"110":32044,"111":5610,"112":5610,"113":5610,"114":5610,"115":15639,"116":15639,"117":45429,"118":1401,"119":4209},"f":{"0":1,"1":2,"2":7,"3":2,"4":1,"5":2,"6":35,"7":1,"8":1,"9":7,"10":35,"11":4,"12":33,"13":107,"14":4209,"15":37654},"b":{"0":[1,1],"1":[2,1],"2":[0],"3":[1,6],"4":[1,1],"5":[1,34],"6":[20,14],"7":[34,26],"8":[9,18],"9":[27,18],"10":[5,22],"11":[27,13],"12":[4,23],"13":[27,23],"14":[2,25],"15":[21,14],"16":[15,19],"17":[5,28],"18":[41,66],"19":[4208,135050],"20":[4208,33444],"21":[51,4157],"22":[32044,131041],"23":[163085,143732],"24":[1401,44028]},"_coverageSchema":"1a1c01bbd47fc00a2c39e90264f33305004495a9","hash":"c07a7fd07f9bfcc40af577eb9709df844ace87a3"}
}
