TN:
SF:src\bot.class.js
FN:4,(anonymous_0)
FN:18,(anonymous_1)
FN:21,(anonymous_2)
FNF:3
FNH:3
FNDA:3,(anonymous_0)
FNDA:7,(anonymous_1)
FNDA:19,(anonymous_2)
DA:1,2
DA:10,3
DA:11,3
DA:12,3
DA:13,3
DA:14,3
DA:15,3
DA:19,7
DA:21,7
DA:22,19
DA:24,19
DA:25,6
DA:27,6
DA:31,7
LF:14
LH:14
BRDA:24,0,0,6
BRDA:24,0,1,13
BRF:2
BRH:2
end_of_record
TN:
SF:src\tchat.class.js
FN:4,(anonymous_0)
FN:10,(anonymous_1)
FN:14,(anonymous_2)
FN:15,(anonymous_3)
FN:44,(anonymous_4)
FN:47,(anonymous_5)
FN:52,(anonymous_6)
FN:74,(anonymous_7)
FN:101,(anonymous_8)
FN:126,(anonymous_9)
FN:135,(anonymous_10)
FN:138,(anonymous_11)
FN:144,(anonymous_12)
FN:160,(anonymous_13)
FN:161,(anonymous_14)
FN:169,(anonymous_15)
FN:174,(anonymous_16)
FN:181,(anonymous_17)
FN:188,(anonymous_18)
FN:215,(anonymous_19)
FNF:20
FNH:19
FNDA:1,(anonymous_0)
FNDA:2,(anonymous_1)
FNDA:1,(anonymous_2)
FNDA:0,(anonymous_3)
FNDA:1,(anonymous_4)
FNDA:2,(anonymous_5)
FNDA:2,(anonymous_6)
FNDA:2,(anonymous_7)
FNDA:3,(anonymous_8)
FNDA:2,(anonymous_9)
FNDA:2,(anonymous_10)
FNDA:4,(anonymous_11)
FNDA:4,(anonymous_12)
FNDA:3,(anonymous_13)
FNDA:6,(anonymous_14)
FNDA:3,(anonymous_15)
FNDA:2,(anonymous_16)
FNDA:2,(anonymous_17)
FNDA:1,(anonymous_18)
FNDA:1,(anonymous_19)
DA:3,1
DA:5,1
DA:10,2
DA:11,1
DA:15,1
DA:21,1
DA:45,1
DA:47,2
DA:58,2
DA:60,2
DA:75,2
DA:77,2
DA:102,3
DA:103,3
DA:127,2
DA:136,2
DA:138,2
DA:139,4
DA:141,4
DA:142,3
DA:144,3
DA:145,4
DA:153,3
DA:157,2
DA:161,3
DA:162,6
DA:163,6
DA:165,6
DA:170,3
DA:171,3
DA:174,3
DA:175,2
DA:176,1
DA:177,1
DA:178,1
DA:180,1
DA:181,2
DA:183,1
DA:189,1
DA:216,1
DA:217,1
LF:41
LH:41
BRDA:36,0,0,0
BRDA:36,0,1,1
BRDA:141,1,0,3
BRDA:141,1,1,1
BRDA:175,2,0,1
BRDA:175,2,1,1
BRF:6
BRH:5
end_of_record
TN:
SF:src\tp1.class.js
FN:10,(anonymous_0)
FN:12,(anonymous_1)
FN:20,(anonymous_2)
FN:34,(anonymous_3)
FN:36,(anonymous_4)
FN:46,(anonymous_5)
FN:54,(anonymous_6)
FN:66,(anonymous_7)
FN:77,(anonymous_8)
FN:87,(anonymous_9)
FN:110,quickSort
FN:122,tspBrutForce
FN:128,(anonymous_12)
FN:143,permuter
FN:156,resoudreSudoku
FN:176,estValide
FNF:16
FNH:16
FNDA:1,(anonymous_0)
FNDA:2,(anonymous_1)
FNDA:7,(anonymous_2)
FNDA:2,(anonymous_3)
FNDA:1,(anonymous_4)
FNDA:2,(anonymous_5)
FNDA:35,(anonymous_6)
FNDA:1,(anonymous_7)
FNDA:1,(anonymous_8)
FNDA:7,(anonymous_9)
FNDA:35,quickSort
FNDA:4,tspBrutForce
FNDA:33,(anonymous_12)
FNDA:107,permuter
FNDA:4209,resoudreSudoku
FNDA:37654,estValide
DA:10,1
DA:12,1
DA:13,2
DA:14,1
DA:17,1
DA:20,1
DA:21,7
DA:23,7
DA:24,1
DA:27,6
DA:28,41
DA:31,6
DA:34,2
DA:36,1
DA:37,1
DA:39,1
DA:40,3
DA:43,1
DA:46,1
DA:47,2
DA:48,1
DA:51,1
DA:54,1
DA:55,35
DA:56,1
DA:59,34
DA:60,20
DA:63,14
DA:66,1
DA:67,1
DA:68,1
DA:70,1
DA:71,26
DA:74,1
DA:77,1
DA:78,1
DA:80,1
DA:81,3
DA:84,1
DA:87,1
DA:88,7
DA:90,7
DA:91,27
DA:93,27
DA:94,9
DA:96,27
DA:97,5
DA:99,27
DA:100,4
DA:102,27
DA:103,2
DA:107,7
DA:111,35
DA:112,14
DA:113,14
DA:114,14
DA:115,14
DA:116,34
DA:117,19
DA:119,14
DA:123,4
DA:124,4
DA:125,4
DA:126,4
DA:128,4
DA:129,33
DA:130,33
DA:131,86
DA:133,33
DA:135,33
DA:136,5
DA:137,5
DA:140,4
DA:144,107
DA:145,66
DA:146,66
DA:147,100
DA:148,100
DA:149,100
DA:150,138
DA:153,66
DA:157,4209
DA:158,16962
DA:159,139258
DA:160,4208
DA:161,37652
DA:162,4208
DA:163,4208
DA:164,51
DA:166,4157
DA:169,4157
DA:173,1
DA:177,37654
DA:178,163085
DA:180,5610
DA:181,5610
DA:182,5610
DA:183,15639
DA:184,45429
DA:187,4209
LF:100
LH:100
BRDA:13,0,0,1
BRDA:13,0,1,1
BRDA:13,1,0,2
BRDA:13,1,1,1
BRDA:20,2,0,0
BRDA:23,3,0,1
BRDA:23,3,1,6
BRDA:47,4,0,1
BRDA:47,4,1,1
BRDA:55,5,0,1
BRDA:55,5,1,34
BRDA:59,6,0,20
BRDA:59,6,1,14
BRDA:59,7,0,34
BRDA:59,7,1,26
BRDA:93,8,0,9
BRDA:93,8,1,18
BRDA:93,9,0,27
BRDA:93,9,1,18
BRDA:96,10,0,5
BRDA:96,10,1,22
BRDA:96,11,0,27
BRDA:96,11,1,13
BRDA:99,12,0,4
BRDA:99,12,1,23
BRDA:99,13,0,27
BRDA:99,13,1,23
BRDA:102,14,0,2
BRDA:102,14,1,25
BRDA:111,15,0,21
BRDA:111,15,1,14
BRDA:116,16,0,15
BRDA:116,16,1,19
BRDA:135,17,0,5
BRDA:135,17,1,28
BRDA:144,18,0,41
BRDA:144,18,1,66
BRDA:159,19,0,4208
BRDA:159,19,1,135050
BRDA:161,20,0,4208
BRDA:161,20,1,33444
BRDA:163,21,0,51
BRDA:163,21,1,4157
BRDA:178,22,0,32044
BRDA:178,22,1,131041
BRDA:178,23,0,163085
BRDA:178,23,1,143732
BRDA:184,24,0,1401
BRDA:184,24,1,44028
BRF:49
BRH:48
end_of_record
