TN:
SF:src\bot.class.js
FN:4,(anonymous_0)
FN:18,(anonymous_1)
FN:21,(anonymous_2)
FNF:3
FNH:3
FNDA:3,(anonymous_0)
FNDA:7,(anonymous_1)
FNDA:19,(anonymous_2)
DA:1,2
DA:10,3
DA:11,3
DA:12,3
DA:13,3
DA:14,3
DA:15,3
DA:19,7
DA:21,7
DA:22,19
DA:24,19
DA:25,6
DA:27,6
DA:31,7
LF:14
LH:14
BRDA:24,0,0,6
BRDA:24,0,1,13
BRF:2
BRH:2
end_of_record
TN:
SF:src\tchat.class.js
FN:4,(anonymous_0)
FN:10,(anonymous_1)
FN:14,(anonymous_2)
FN:15,(anonymous_3)
FN:44,(anonymous_4)
FN:47,(anonymous_5)
FN:52,(anonymous_6)
FN:74,(anonymous_7)
FN:101,(anonymous_8)
FN:126,(anonymous_9)
FN:135,(anonymous_10)
FN:138,(anonymous_11)
FN:144,(anonymous_12)
FN:160,(anonymous_13)
FN:161,(anonymous_14)
FN:169,(anonymous_15)
FN:174,(anonymous_16)
FN:181,(anonymous_17)
FN:188,(anonymous_18)
FN:215,(anonymous_19)
FNF:20
FNH:19
FNDA:1,(anonymous_0)
FNDA:2,(anonymous_1)
FNDA:1,(anonymous_2)
FNDA:0,(anonymous_3)
FNDA:1,(anonymous_4)
FNDA:2,(anonymous_5)
FNDA:2,(anonymous_6)
FNDA:2,(anonymous_7)
FNDA:3,(anonymous_8)
FNDA:2,(anonymous_9)
FNDA:2,(anonymous_10)
FNDA:4,(anonymous_11)
FNDA:4,(anonymous_12)
FNDA:3,(anonymous_13)
FNDA:6,(anonymous_14)
FNDA:3,(anonymous_15)
FNDA:2,(anonymous_16)
FNDA:2,(anonymous_17)
FNDA:1,(anonymous_18)
FNDA:1,(anonymous_19)
DA:3,1
DA:5,1
DA:10,2
DA:11,1
DA:15,1
DA:21,1
DA:45,1
DA:47,2
DA:58,2
DA:60,2
DA:75,2
DA:77,2
DA:102,3
DA:103,3
DA:127,2
DA:136,2
DA:138,2
DA:139,4
DA:141,4
DA:142,3
DA:144,3
DA:145,4
DA:153,3
DA:157,2
DA:161,3
DA:162,6
DA:163,6
DA:165,6
DA:170,3
DA:171,3
DA:174,3
DA:175,2
DA:176,1
DA:177,1
DA:178,1
DA:180,1
DA:181,2
DA:183,1
DA:189,1
DA:216,1
DA:217,1
LF:41
LH:41
BRDA:36,0,0,0
BRDA:36,0,1,1
BRDA:141,1,0,3
BRDA:141,1,1,1
BRDA:175,2,0,1
BRDA:175,2,1,1
BRF:6
BRH:5
end_of_record
TN:
SF:src\tp1.class.js
FN:10,(anonymous_0)
FN:12,(anonymous_1)
FN:20,(anonymous_2)
FN:34,(anonymous_3)
FN:36,(anonymous_4)
FN:46,(anonymous_5)
FN:54,(anonymous_6)
FN:66,(anonymous_7)
FN:77,(anonymous_8)
FN:87,(anonymous_9)
FN:110,quickSort
FN:122,permuter
FN:135,tspBrutForce
FN:141,(anonymous_13)
FN:156,estValide
FN:170,resoudreSudoku
FNF:16
FNH:16
FNDA:1,(anonymous_0)
FNDA:4,(anonymous_1)
FNDA:10,(anonymous_2)
FNDA:2,(anonymous_3)
FNDA:2,(anonymous_4)
FNDA:3,(anonymous_5)
FNDA:144,(anonymous_6)
FNDA:1,(anonymous_7)
FNDA:1,(anonymous_8)
FNDA:9,(anonymous_9)
FNDA:49,quickSort
FNDA:118,permuter
FNDA:4,tspBrutForce
FNDA:37,(anonymous_13)
FNDA:64943,estValide
FNDA:7242,resoudreSudoku
DA:10,1
DA:12,1
DA:13,4
DA:14,2
DA:17,2
DA:20,1
DA:21,10
DA:23,10
DA:24,2
DA:27,8
DA:28,41
DA:31,8
DA:34,2
DA:36,1
DA:37,2
DA:39,2
DA:40,3
DA:43,2
DA:46,1
DA:47,3
DA:48,2
DA:51,1
DA:54,1
DA:55,144
DA:56,1
DA:59,143
DA:60,75
DA:63,68
DA:66,1
DA:67,1
DA:68,1
DA:70,1
DA:71,26
DA:74,1
DA:77,1
DA:78,1
DA:80,1
DA:81,3
DA:84,1
DA:87,1
DA:88,9
DA:90,9
DA:91,33
DA:93,33
DA:94,9
DA:96,33
DA:97,5
DA:99,33
DA:100,4
DA:102,33
DA:103,2
DA:107,9
DA:111,49
DA:112,20
DA:113,20
DA:114,20
DA:115,20
DA:116,46
DA:117,25
DA:119,20
DA:123,118
DA:124,73
DA:125,73
DA:126,111
DA:127,111
DA:128,111
DA:129,152
DA:132,73
DA:136,4
DA:137,4
DA:138,4
DA:139,4
DA:141,4
DA:142,37
DA:143,37
DA:144,96
DA:146,37
DA:148,37
DA:149,6
DA:150,6
DA:153,4
DA:157,64943
DA:158,288564
DA:160,10596
DA:161,10596
DA:162,10596
DA:163,27403
DA:164,79087
DA:167,7239
DA:171,7242
DA:172,24135
DA:173,196921
DA:174,7240
DA:175,64940
DA:176,7238
DA:177,7238
DA:178,51
DA:180,7187
DA:183,7189
DA:187,2
LF:100
LH:100
BRDA:13,0,0,2
BRDA:13,0,1,2
BRDA:13,1,0,4
BRDA:13,1,1,2
BRDA:20,2,0,0
BRDA:23,3,0,2
BRDA:23,3,1,8
BRDA:47,4,0,2
BRDA:47,4,1,1
BRDA:55,5,0,1
BRDA:55,5,1,143
BRDA:59,6,0,75
BRDA:59,6,1,68
BRDA:59,7,0,143
BRDA:59,7,1,114
BRDA:93,8,0,9
BRDA:93,8,1,24
BRDA:93,9,0,33
BRDA:93,9,1,23
BRDA:96,10,0,5
BRDA:96,10,1,28
BRDA:96,11,0,33
BRDA:96,11,1,18
BRDA:99,12,0,4
BRDA:99,12,1,29
BRDA:99,13,0,33
BRDA:99,13,1,28
BRDA:102,14,0,2
BRDA:102,14,1,31
BRDA:111,15,0,29
BRDA:111,15,1,20
BRDA:116,16,0,21
BRDA:116,16,1,25
BRDA:123,17,0,45
BRDA:123,17,1,73
BRDA:148,18,0,6
BRDA:148,18,1,31
BRDA:158,19,0,54347
BRDA:158,19,1,234217
BRDA:158,20,0,288564
BRDA:158,20,1,253432
BRDA:164,21,0,3357
BRDA:164,21,1,75730
BRDA:173,22,0,7240
BRDA:173,22,1,189681
BRDA:175,23,0,7238
BRDA:175,23,1,57702
BRDA:177,24,0,51
BRDA:177,24,1,7187
BRF:49
BRH:48
end_of_record
